#
# There is insufficient memory for the Java Runtime Environment to continue.
# Native memory allocation (malloc) failed to allocate 1048576 bytes for AllocateHeap
# Possible reasons:
#   The system is out of physical RAM or swap space
#   The process is running with CompressedOops enabled, and the Java Heap may be blocking the growth of the native heap
# Possible solutions:
#   Reduce memory load on the system
#   Increase physical memory or swap space
#   Check if swap backing store is full
#   Decrease Java heap size (-Xmx/-Xms)
#   Decrease number of Java threads
#   Decrease Java thread stack sizes (-Xss)
#   Set larger code cache with -XX:ReservedCodeCacheSize=
#   JVM is running with Zero Based Compressed Oops mode in which the Java heap is
#     placed in the first 32GB address space. The Java Heap base address is the
#     maximum limit for the native heap growth. Please use -XX:HeapBaseMinAddress
#     to set the Java Heap base and to place the Java Heap above 32GB virtual address.
# This output file may be truncated or incomplete.
#
#  Out of Memory Error (memory/allocation.inline.hpp:61), pid=59472, tid=0x000000000001cb74
#
# JRE version:  (8.0_202-b58) (build )
# Java VM: OpenJDK 64-Bit Server VM (25.202-b58 mixed mode windows-amd64 compressed oops)
# Failed to write core dump. Minidumps are not enabled by default on client versions of Windows
#

---------------  T H R E A D  ---------------

Current thread (0x0000000003062800):  JavaThread "Unknown thread" [_thread_in_vm, id=117620, stack(0x0000000002b60000,0x0000000002c60000)]

Stack: [0x0000000002b60000,0x0000000002c60000]
[error occurred during error reporting (printing stack bounds), id 0xc0000005]

Native frames: (J=compiled Java code, j=interpreted, Vv=VM code, C=native code)


---------------  P R O C E S S  ---------------

Java Threads: ( => current thread )

Other Threads:

=>0x0000000003062800 (exited) JavaThread "Unknown thread" [_thread_in_vm, id=117620, stack(0x0000000002b60000,0x0000000002c60000)]

VM state:not at safepoint (normal execution)

VM Mutex/Monitor currently owned by a thread: None

heap address: 0x00000006c1c00000, size: 4068 MB, Compressed Oops mode: Zero based, Oop shift amount: 3
Narrow klass base: 0x0000000000000000, Narrow klass shift: 3
Compressed class space size: 1073741824 Address: 0x00000007c0000000

Heap:
 PSYoungGen      total 76288K, used 1310K [0x000000076b400000, 0x0000000770900000, 0x00000007c0000000)
  eden space 65536K, 2% used [0x000000076b400000,0x000000076b547af0,0x000000076f400000)
  from space 10752K, 0% used [0x000000076fe80000,0x000000076fe80000,0x0000000770900000)
  to   space 10752K, 0% used [0x000000076f400000,0x000000076f400000,0x000000076fe80000)
 ParOldGen       total 175104K, used 0K [0x00000006c1c00000, 0x00000006cc700000, 0x000000076b400000)
  object space 175104K, 0% used [0x00000006c1c00000,0x00000006c1c00000,0x00000006cc700000)
 Metaspace       used 777K, capacity 4480K, committed 4480K, reserved 1056768K
  class space    used 74K, capacity 384K, committed 384K, reserved 1048576K

Card table byte_map: [0x0000000012520000,0x0000000012d20000] byte_map_base: 0x000000000ef12000

Marking Bits: (ParMarkBitMap*) 0x0000000055c79f30
 Begin Bits: [0x0000000013a70000, 0x0000000017a00000)
 End Bits:   [0x0000000017a00000, 0x000000001b990000)

Polling page: 0x0000000000e20000

CodeCache: size=245760Kb used=328Kb max_used=328Kb free=245431Kb
 bounds [0x0000000003160000, 0x00000000033d0000, 0x0000000012160000]
 total_blobs=57 nmethods=0 adapters=38
 compilation: enabled

Compilation events (0 events):
No events

GC Heap History (0 events):
No events

Deoptimization events (0 events):
No events

Classes redefined (0 events):
No events

Internal exceptions (0 events):
No events

Events (10 events):
Event: 0.038 loading class java/lang/Short
Event: 0.038 loading class java/lang/Short done
Event: 0.038 loading class java/lang/Integer
Event: 0.038 loading class java/lang/Integer done
Event: 0.038 loading class java/lang/Long
Event: 0.038 loading class java/lang/Long done
Event: 0.039 loading class java/lang/NullPointerException
Event: 0.039 loading class java/lang/NullPointerException done
Event: 0.039 loading class java/lang/ArithmeticException
Event: 0.039 loading class java/lang/ArithmeticException done


Dynamic libraries:
0x00007ff66fac0000 - 0x00007ff66faf1000 	D:\mySoft\idea\IntelliJ IDEA 2019.1.3\jre64\bin\java.exe
0x00007ffe28000000 - 0x00007ffe281f0000 	C:\WINDOWS\SYSTEM32\ntdll.dll
0x00007ffe26320000 - 0x00007ffe263d2000 	C:\WINDOWS\System32\KERNEL32.DLL
0x00007ffe254b0000 - 0x00007ffe25753000 	C:\WINDOWS\System32\KERNELBASE.dll
0x00007ffe27220000 - 0x00007ffe272c3000 	C:\WINDOWS\System32\ADVAPI32.dll
0x00007ffe27180000 - 0x00007ffe2721e000 	C:\WINDOWS\System32\msvcrt.dll
0x00007ffe272d0000 - 0x00007ffe27367000 	C:\WINDOWS\System32\sechost.dll
0x00007ffe260b0000 - 0x00007ffe261d0000 	C:\WINDOWS\System32\RPCRT4.dll
0x00007ffe27780000 - 0x00007ffe27914000 	C:\WINDOWS\System32\USER32.dll
0x00007ffe26080000 - 0x00007ffe260a1000 	C:\WINDOWS\System32\win32u.dll
0x00007ffe26e00000 - 0x00007ffe26e26000 	C:\WINDOWS\System32\GDI32.dll
0x00007ffe25090000 - 0x00007ffe25224000 	C:\WINDOWS\System32\gdi32full.dll
0x00007ffe24f90000 - 0x00007ffe2502e000 	C:\WINDOWS\System32\msvcp_win.dll
0x00007ffe25800000 - 0x00007ffe258fa000 	C:\WINDOWS\System32\ucrtbase.dll
0x00007ffe0d600000 - 0x00007ffe0d885000 	C:\WINDOWS\WinSxS\amd64_microsoft.windows.common-controls_6595b64144ccf1df_6.0.18362.657_none_e6c5b579130e3898\COMCTL32.dll
0x00007ffe26e30000 - 0x00007ffe27166000 	C:\WINDOWS\System32\combase.dll
0x00007ffe25230000 - 0x00007ffe252b0000 	C:\WINDOWS\System32\bcryptPrimitives.dll
0x00007ffe274d0000 - 0x00007ffe274fe000 	C:\WINDOWS\System32\IMM32.DLL
0x00000000553d0000 - 0x00000000554a2000 	D:\mySoft\idea\IntelliJ IDEA 2019.1.3\jre64\bin\msvcr100.dll
0x00000000554b0000 - 0x0000000055cf6000 	D:\mySoft\idea\IntelliJ IDEA 2019.1.3\jre64\bin\server\jvm.dll
0x00007ffe26ad0000 - 0x00007ffe26ad8000 	C:\WINDOWS\System32\PSAPI.DLL
0x00007ffe207f0000 - 0x00007ffe207f9000 	C:\WINDOWS\SYSTEM32\WSOCK32.dll
0x00007ffe27d90000 - 0x00007ffe27dff000 	C:\WINDOWS\System32\WS2_32.dll
0x00007ffe1ba80000 - 0x00007ffe1baa4000 	C:\WINDOWS\SYSTEM32\WINMM.dll
0x00007ffe19500000 - 0x00007ffe1950a000 	C:\WINDOWS\SYSTEM32\VERSION.dll
0x00007ffe1b840000 - 0x00007ffe1b86d000 	C:\WINDOWS\SYSTEM32\winmmbase.dll
0x00007ffe25760000 - 0x00007ffe257aa000 	C:\WINDOWS\System32\cfgmgr32.dll
0x00007ffe1fa10000 - 0x00007ffe1fa1f000 	D:\mySoft\idea\IntelliJ IDEA 2019.1.3\jre64\bin\verify.dll
0x00007ffe0fcf0000 - 0x00007ffe0fd19000 	D:\mySoft\idea\IntelliJ IDEA 2019.1.3\jre64\bin\java.dll
0x00007ffe0d420000 - 0x00007ffe0d436000 	D:\mySoft\idea\IntelliJ IDEA 2019.1.3\jre64\bin\zip.dll

VM Arguments:
java_command: org.jetbrains.git4idea.http.GitAskPassApp Username for 'https://github.com': 
java_class_path (initial): D:/mySoft/idea/IntelliJ IDEA 2019.1.3/plugins/git4idea/lib/git4idea-rt.jar;D:/mySoft/idea/IntelliJ IDEA 2019.1.3/lib/xmlrpc-2.0.1.jar;D:/mySoft/idea/IntelliJ IDEA 2019.1.3/lib/commons-codec-1.10.jar;D:/mySoft/idea/IntelliJ IDEA 2019.1.3/lib/util.jar
Launcher Type: SUN_STANDARD

Environment Variables:
JAVA_HOME=C:\Program Files\Java\jdk1.8.0_191
CLASSPATH=.;C:\Program Files\Java\jdk1.8.0_191\lib\dt.jar;C:\Program Files\Java\jdk1.8.0_191\lib\tools.jar
PATH=D:\应用软件\Git\mingw64/libexec/git-core;D:\应用软件\Git\mingw64\bin;D:\应用软件\Git\usr\bin;C:\Users\陈帅宁\bin;D:\mySoft\远程\xftp\;C:\Program Files (x86)\Common Files\Oracle\Java\javapath;C:\Program Files (x86)\Intel\Intel(R) Management Engine Components\iCLS\;C:\Program Files\Intel\Intel(R) Management Engine Components\iCLS\;C:\Windows\system32;C:\Windows;C:\Windows\System32\Wbem;C:\Windows\System32\WindowsPowerShell\v1.0\;C:\Windows\System32\OpenSSH\;C:\Program Files (x86)\Intel\Intel(R) Management Engine Components\DAL;C:\Program Files\Intel\Intel(R) Management Engine Components\DAL;C:\Program Files (x86)\Intel\Intel(R) Management Engine Components\IPT;C:\Program Files\Intel\Intel(R) Management Engine Components\IPT;C:\Program Files\Intel\WiFi\bin\;C:\Program Files\Common Files\Intel\WirelessCommon\;C:\Program Files (x86)\NVIDIA Corporation\PhysX\Common;EN_HOME%\bin;C:\WINDOWS\system32;C:\WINDOWS;C:\WINDOWS\System32\Wbem;C:\WINDOWS\System32\WindowsPowerShell\v1.0\;C:\WINDOWS\System32\OpenSSH\;C:\Program Files\Java\jdk1.8.0_191\bin;C:\Program Files\Java\jdk1.8.0_191\jre\bin;D:\mySoft\protoc\bin;D:\mySoft\nodeJS\;D:\应用软件\Git\cmd;C:\Program Files\MySQL\MySQL Server 5.5\bin;C:\Users\陈帅宁\AppData\Local\Microsoft\WindowsApps;D:\mySoft\nodeJS\node_global;;D:\mySoft\docker\Docker Toolbox
USERNAME=陈帅宁
DISPLAY=:0.0
OS=Windows_NT
PROCESSOR_IDENTIFIER=Intel64 Family 6 Model 142 Stepping 10, GenuineIntel



---------------  S Y S T E M  ---------------

OS: Windows 10.0 , 64 bit Build 18362 (10.0.18362.329)

CPU:total 8 (initial active 8) (4 cores per cpu, 2 threads per core) family 6 model 142 stepping 10, cmov, cx8, fxsr, mmx, sse, sse2, sse3, ssse3, sse4.1, sse4.2, popcnt, avx, avx2, aes, clmul, erms, 3dnowpref, lzcnt, ht, tsc, tscinvbit, bmi1, bmi2, adx

Memory: 4k page, physical 16658152k(6081576k free), swap 21806752k(5580k free)

vm_info: OpenJDK 64-Bit Server VM (25.202-b58) for windows-amd64 JRE (1.8.0_202-release-1483-b58), built on May 22 2019 13:19:29 by "builduser" with MS VC++ 10.0 (VS2010)

time: Thu Mar 19 01:03:03 2020
timezone: 中国标准时间
elapsed time: 0 seconds (0d 0h 0m 0s)

